<?xml version="1.0" encoding="UTF-8"?>
<testsuite xmlns:xsi="http://www.w3.org/2001/XMLSchema-instance" xsi:noNamespaceSchemaLocation="https://maven.apache.org/surefire/maven-surefire-plugin/xsd/surefire-test-report.xsd" name="com.joejoe2.chat.service.channel.PublicChannelServiceTest" time="0.331" tests="3" errors="0" skipped="0" failures="0">
  <properties>
[...]
</properties>
  <testcase name="getChannelProfile" classname="com.joejoe2.chat.service.channel.PublicChannelServiceTest" time="0.048"/>
  <testcase name="createChannel" classname="com.joejoe2.chat.service.channel.PublicChannelServiceTest" time="0.028"/>
  <testcase name="getAllChannelsWithPage" classname="com.joejoe2.chat.service.channel.PublicChannelServiceTest" time="0.249"/>
</testsuite>